<?xml version="1.0" encoding="UTF-8"?>
<testng-results skipped="0" failed="0" ignored="0" total="1" passed="1">
  <reporter-output>
  </reporter-output>
  <suite name="Default suite" duration-ms="14307" started-at="2021-03-29T06:49:42Z" finished-at="2021-03-29T06:49:56Z">
    <groups>
    </groups>
    <test name="Default test" duration-ms="14307" started-at="2021-03-29T06:49:42Z" finished-at="2021-03-29T06:49:56Z">
      <class name="com.testingshastra.uitests.Homepage">
        <test-method status="PASS" signature="openBrowser()[pri:0, instance:com.testingshastra.uitests.Homepage@27efef64]" name="openBrowser" is-config="true" duration-ms="14178" started-at="2021-03-29T06:49:42Z" finished-at="2021-03-29T06:49:56Z">
          <reporter-output>
          </reporter-output>
        </test-method> <!-- openBrowser -->
        <test-method status="PASS" signature="verifyHomePageLogo()[pri:0, instance:com.testingshastra.uitests.Homepage@27efef64]" name="verifyHomePageLogo" duration-ms="83" started-at="2021-03-29T06:49:56Z" finished-at="2021-03-29T06:49:56Z">
          <reporter-output>
          </reporter-output>
        </test-method> <!-- verifyHomePageLogo -->
      </class> <!-- com.testingshastra.uitests.Homepage -->
    </test> <!-- Default test -->
  </suite> <!-- Default suite -->
</testng-results>
